<?xml version="1.0" encoding="UTF-8"?>
<!-- Generated by org.testng.reporters.JUnitXMLReporter -->
<testsuite ignored="0" hostname="AT-HomeHP" failures="0" tests="6" name="Sanity Test" time="0.076" errors="0" timestamp="14 Mar 2018 23:22:45 GMT">
  <testcase classname="TestNGSamples.NewTest1" name="addcurrency" time="0.01"/>
  <testcase classname="TestNGSamples.NewTest1" name="addproduct" time="0.002"/>
  <testcase classname="TestNGSamples.NewTest1" name="addvendor" time="0.002"/>
  <testcase classname="TestNGSamples.NewTest2" name="deletecurrency" time="0.002"/>
  <testcase classname="TestNGSamples.NewTest2" name="deleteproduct" time="0.002"/>
  <testcase classname="TestNGSamples.NewTest2" name="deletevendor" time="0.002"/>
</testsuite> <!-- Sanity Test -->
