<?xml version="1.0" encoding="UTF-8"?>
<!-- Generated by org.testng.reporters.JUnitXMLReporter -->
<testsuite ignored="0" hostname="AT-HomeHP" failures="0" tests="3" name="Default test" time="0.057" errors="0" timestamp="19 Mar 2018 21:23:29 GMT">
  <testcase classname="TestNGSamples.Parallel" name="testcase1" time="0.018"/>
  <testcase classname="TestNGSamples.Parallel" name="testcase2" time="0.002"/>
  <testcase classname="TestNGSamples.Parallel" name="testcase3" time="0.002"/>
</testsuite> <!-- Default test -->
