<?xml version="1.0" encoding="UTF-8"?>
<!-- Generated by org.testng.reporters.JUnitXMLReporter -->
<testsuite ignored="0" hostname="AT-HomeHP" failures="0" tests="4" name="Test" time="0.069" errors="0" timestamp="19 Mar 2018 21:39:58 GMT">
  <testcase classname="TestNGSamples.Parallel" name="testcase1" time="0.02"/>
  <testcase classname="TestNGSamples.Parallel" name="testcase2" time="0.02"/>
  <testcase classname="TestNGSamples.Parallel" name="testcase4" time="0.003"/>
  <testcase classname="TestNGSamples.Parallel" name="testcase3" time="0.002"/>
</testsuite> <!-- Test -->
