<?xml version="1.0" encoding="UTF-8"?>
<testng-results ignored="0" total="4" passed="4" failed="0" skipped="0">
  <reporter-output>
  </reporter-output>
  <suite started-at="2018-03-19T21:39:58Z" name="Suite" finished-at="2018-03-19T21:39:58Z" duration-ms="69">
    <groups>
    </groups>
    <test started-at="2018-03-19T21:39:58Z" name="Test" finished-at="2018-03-19T21:39:58Z" duration-ms="69">
      <class name="TestNGSamples.Parallel">
        <test-method signature="testcase1()[pri:0, instance:TestNGSamples.Parallel@49912c99]" started-at="2018-03-19T21:39:58Z" name="testcase1" finished-at="2018-03-19T21:39:58Z" duration-ms="20" status="PASS">
          <reporter-output>
          </reporter-output>
        </test-method> <!-- testcase1 -->
        <test-method signature="testcase2()[pri:0, instance:TestNGSamples.Parallel@49912c99]" started-at="2018-03-19T21:39:58Z" name="testcase2" finished-at="2018-03-19T21:39:58Z" duration-ms="20" status="PASS">
          <reporter-output>
          </reporter-output>
        </test-method> <!-- testcase2 -->
        <test-method signature="testcase4()[pri:0, instance:TestNGSamples.Parallel@49912c99]" started-at="2018-03-19T21:39:58Z" name="testcase4" finished-at="2018-03-19T21:39:58Z" duration-ms="3" status="PASS">
          <reporter-output>
          </reporter-output>
        </test-method> <!-- testcase4 -->
        <test-method signature="testcase3()[pri:0, instance:TestNGSamples.Parallel@49912c99]" started-at="2018-03-19T21:39:58Z" name="testcase3" finished-at="2018-03-19T21:39:58Z" duration-ms="2" status="PASS">
          <reporter-output>
          </reporter-output>
        </test-method> <!-- testcase3 -->
      </class> <!-- TestNGSamples.Parallel -->
    </test> <!-- Test -->
  </suite> <!-- Suite -->
</testng-results>
